<?xml version="1.0" encoding="UTF-8"?>
<testsuite xmlns:xsi="http://www.w3.org/2001/XMLSchema-instance" xsi:noNamespaceSchemaLocation="https://maven.apache.org/surefire/maven-surefire-plugin/xsd/surefire-test-report.xsd" version="3.0.2" name="com.mohan.bookmarks_api_backend.controller.BookmarkControllerTest" time="4.259" tests="3" errors="0" skipped="0" failures="0">
  <properties>
[...]
</properties>
  <testcase name="shouldGetStatusCode200ForGetAllBookmarksAndMatchesTotalElementsAndPages(int, int, int, boolean, boolean)[1]" classname="com.mohan.bookmarks_api_backend.controller.BookmarkControllerTest" time="0.465">
    <system-out><![CDATA[17:12:03.722 [main] INFO org.springframework.test.context.support.AnnotationConfigContextLoaderUtils -- Could not detect default configuration classes for test class [com.mohan.bookmarks_api_backend.controller.BookmarkControllerTest]: BookmarkControllerTest does not declare any static, non-private, non-final, nested classes annotated with @Configuration.
17:12:03.781 [main] INFO org.springframework.boot.test.context.SpringBootTestContextBootstrapper -- Found @SpringBootConfiguration com.mohan.bookmarks_api_backend.BookmarksApiBackendApplication for test class com.mohan.bookmarks_api_backend.controller.BookmarkControllerTest
17:12:03.844 [main] INFO org.springframework.boot.devtools.restart.RestartApplicationListener -- Restart disabled due to context in which it is running

  .   ____          _            __ _ _
 /\\ / ___'_ __ _ _(_)_ __  __ _ \ \ \ \
( ( )\___ | '_ | '_| | '_ \/ _` | \ \ \ \
 \\/  ___)| |_)| | | | | || (_| |  ) ) ) )
  '  |____| .__|_| |_|_| |_\__, | / / / /
 =========|_|==============|___/=/_/_/_/

 :: Spring Boot ::                (v3.4.0)

2024-12-18T17:12:03.931Z  INFO 11769 --- [bookmarks-api-backend] [           main] c.m.b.controller.BookmarkControllerTest  : Starting BookmarkControllerTest using Java 23.0.1 with PID 11769 (started by mohan in /Users/mohan/Desktop/software_development/backend/bookmarks-api-backend)
2024-12-18T17:12:03.931Z  INFO 11769 --- [bookmarks-api-backend] [           main] c.m.b.controller.BookmarkControllerTest  : No active profile set, falling back to 1 default profile: "default"
2024-12-18T17:12:04.251Z  INFO 11769 --- [bookmarks-api-backend] [           main] .s.d.r.c.RepositoryConfigurationDelegate : Bootstrapping Spring Data JPA repositories in DEFAULT mode.
2024-12-18T17:12:04.268Z  INFO 11769 --- [bookmarks-api-backend] [           main] .s.d.r.c.RepositoryConfigurationDelegate : Finished Spring Data repository scanning in 13 ms. Found 1 JPA repository interface.
2024-12-18T17:12:04.535Z  INFO 11769 --- [bookmarks-api-backend] [           main] o.s.b.w.embedded.tomcat.TomcatWebServer  : Tomcat initialized with port 0 (http)
2024-12-18T17:12:04.542Z  INFO 11769 --- [bookmarks-api-backend] [           main] o.apache.catalina.core.StandardService   : Starting service [Tomcat]
2024-12-18T17:12:04.542Z  INFO 11769 --- [bookmarks-api-backend] [           main] o.apache.catalina.core.StandardEngine    : Starting Servlet engine: [Apache Tomcat/10.1.33]
2024-12-18T17:12:04.560Z  INFO 11769 --- [bookmarks-api-backend] [           main] o.a.c.c.C.[Tomcat].[localhost].[/]       : Initializing Spring embedded WebApplicationContext
2024-12-18T17:12:04.560Z  INFO 11769 --- [bookmarks-api-backend] [           main] w.s.c.ServletWebServerApplicationContext : Root WebApplicationContext: initialization completed in 625 ms
2024-12-18T17:12:04.661Z  INFO 11769 --- [bookmarks-api-backend] [           main] com.zaxxer.hikari.HikariDataSource       : HikariPool-1 - Starting...
2024-12-18T17:12:04.678Z  INFO 11769 --- [bookmarks-api-backend] [           main] org.testcontainers.images.PullPolicy     : Image pull policy will be performed by: DefaultPullPolicy()
2024-12-18T17:12:04.679Z  INFO 11769 --- [bookmarks-api-backend] [           main] o.t.utility.ImageNameSubstitutor         : Image name substitution will be performed by: DefaultImageNameSubstitutor (composite of 'ConfigurationFileImageNameSubstitutor' and 'PrefixingImageNameSubstitutor')
2024-12-18T17:12:04.682Z  INFO 11769 --- [bookmarks-api-backend] [           main] org.testcontainers.DockerClientFactory   : Testcontainers version: 1.20.4
2024-12-18T17:12:04.854Z  INFO 11769 --- [bookmarks-api-backend] [           main] o.t.d.DockerClientProviderStrategy       : Found Docker environment with Docker accessed via Unix socket (/Users/mohan/.docker/run/docker.sock)
2024-12-18T17:12:04.855Z  INFO 11769 --- [bookmarks-api-backend] [           main] org.testcontainers.DockerClientFactory   : Docker host IP address is localhost
2024-12-18T17:12:04.869Z  INFO 11769 --- [bookmarks-api-backend] [           main] org.testcontainers.DockerClientFactory   : Connected to docker: 
  Server Version: 27.3.1
  API Version: 1.47
  Operating System: Docker Desktop
  Total Memory: 3919 MB
  Labels: 
    com.docker.desktop.address=unix:///Users/mohan/Library/Containers/com.docker.docker/Data/docker-cli.sock
2024-12-18T17:12:04.986Z  INFO 11769 --- [bookmarks-api-backend] [           main] tc.testcontainers/ryuk:0.11.0            : Creating container for image: testcontainers/ryuk:0.11.0
2024-12-18T17:12:05.148Z  INFO 11769 --- [bookmarks-api-backend] [           main] tc.testcontainers/ryuk:0.11.0            : Container testcontainers/ryuk:0.11.0 is starting: 4ab691d43366546a359e79cd4d750708ada0a4aadae71ff09387e2b3b96b93ac
2024-12-18T17:12:05.381Z  INFO 11769 --- [bookmarks-api-backend] [           main] tc.testcontainers/ryuk:0.11.0            : Container testcontainers/ryuk:0.11.0 started in PT0.394613S
2024-12-18T17:12:05.384Z  INFO 11769 --- [bookmarks-api-backend] [           main] o.t.utility.RyukResourceReaper           : Ryuk started - will monitor and terminate Testcontainers containers on JVM exit
2024-12-18T17:12:05.385Z  INFO 11769 --- [bookmarks-api-backend] [           main] org.testcontainers.DockerClientFactory   : Checking the system...
2024-12-18T17:12:05.385Z  INFO 11769 --- [bookmarks-api-backend] [           main] org.testcontainers.DockerClientFactory   : ✔︎ Docker server version should be at least 1.6.0
2024-12-18T17:12:05.385Z  INFO 11769 --- [bookmarks-api-backend] [           main] tc.postgres:16-alpine                    : Creating container for image: postgres:16-alpine
2024-12-18T17:12:05.418Z  INFO 11769 --- [bookmarks-api-backend] [           main] tc.postgres:16-alpine                    : Container postgres:16-alpine is starting: 84c41f3eb12c989e62662a440e31bca0a3d42b23bc4653bac24a57db773e68b2
2024-12-18T17:12:06.175Z  INFO 11769 --- [bookmarks-api-backend] [           main] tc.postgres:16-alpine                    : Container postgres:16-alpine started in PT0.789623S
2024-12-18T17:12:06.176Z  INFO 11769 --- [bookmarks-api-backend] [           main] tc.postgres:16-alpine                    : Container is started (JDBC URL: jdbc:postgresql://localhost:52896/test?loggerLevel=OFF)
2024-12-18T17:12:06.294Z  INFO 11769 --- [bookmarks-api-backend] [           main] com.zaxxer.hikari.pool.HikariPool        : HikariPool-1 - Added connection org.testcontainers.jdbc.ConnectionWrapper@66d61298
2024-12-18T17:12:06.295Z  INFO 11769 --- [bookmarks-api-backend] [           main] com.zaxxer.hikari.HikariDataSource       : HikariPool-1 - Start completed.
2024-12-18T17:12:06.403Z  INFO 11769 --- [bookmarks-api-backend] [           main] org.flywaydb.core.FlywayExecutor         : Database: jdbc:postgresql://localhost:52896/test?loggerLevel=OFF (PostgreSQL 16.6)
2024-12-18T17:12:06.416Z  INFO 11769 --- [bookmarks-api-backend] [           main] o.f.c.i.s.JdbcTableSchemaHistory         : Schema history table "public"."flyway_schema_history" does not exist yet
2024-12-18T17:12:06.417Z  INFO 11769 --- [bookmarks-api-backend] [           main] o.f.core.internal.command.DbValidate     : Successfully validated 0 migrations (execution time 00:00.003s)
2024-12-18T17:12:06.417Z  WARN 11769 --- [bookmarks-api-backend] [           main] o.f.core.internal.command.DbValidate     : No migrations found. Are your locations set up correctly?
2024-12-18T17:12:06.424Z  INFO 11769 --- [bookmarks-api-backend] [           main] o.f.c.i.s.JdbcTableSchemaHistory         : Creating Schema History table "public"."flyway_schema_history" ...
2024-12-18T17:12:06.444Z  INFO 11769 --- [bookmarks-api-backend] [           main] o.f.core.internal.command.DbMigrate      : Current version of schema "public": << Empty Schema >>
2024-12-18T17:12:06.445Z  INFO 11769 --- [bookmarks-api-backend] [           main] o.f.core.internal.command.DbMigrate      : Schema "public" is up to date. No migration necessary.
2024-12-18T17:12:06.480Z  INFO 11769 --- [bookmarks-api-backend] [           main] o.hibernate.jpa.internal.util.LogHelper  : HHH000204: Processing PersistenceUnitInfo [name: default]
2024-12-18T17:12:06.496Z  INFO 11769 --- [bookmarks-api-backend] [           main] org.hibernate.Version                    : HHH000412: Hibernate ORM core version 6.6.2.Final
2024-12-18T17:12:06.507Z  INFO 11769 --- [bookmarks-api-backend] [           main] o.h.c.internal.RegionFactoryInitiator    : HHH000026: Second-level cache disabled
2024-12-18T17:12:06.605Z  INFO 11769 --- [bookmarks-api-backend] [           main] o.s.o.j.p.SpringPersistenceUnitInfo      : No LoadTimeWeaver setup: ignoring JPA class transformer
2024-12-18T17:12:06.635Z  INFO 11769 --- [bookmarks-api-backend] [           main] org.hibernate.orm.connections.pooling    : HHH10001005: Database info:
	Database JDBC URL [Connecting through datasource 'HikariDataSource (HikariPool-1)']
	Database driver: undefined/unknown
	Database version: 16.6
	Autocommit mode: undefined/unknown
	Isolation level: undefined/unknown
	Minimum pool size: undefined/unknown
	Maximum pool size: undefined/unknown
2024-12-18T17:12:06.899Z  INFO 11769 --- [bookmarks-api-backend] [           main] o.h.e.t.j.p.i.JtaPlatformInitiator       : HHH000489: No JTA platform available (set 'hibernate.transaction.jta.platform' to enable JTA platform integration)
Hibernate: create table bookmarks (id bigint not null, created_at timestamp(6) with time zone, title varchar(255) not null, url varchar(255) not null, primary key (id))
Hibernate: create sequence bm_id_seq start with 1 increment by 50
2024-12-18T17:12:06.936Z  INFO 11769 --- [bookmarks-api-backend] [           main] j.LocalContainerEntityManagerFactoryBean : Initialized JPA EntityManagerFactory for persistence unit 'default'
2024-12-18T17:12:07.058Z  WARN 11769 --- [bookmarks-api-backend] [           main] JpaBaseConfiguration$JpaWebConfiguration : spring.jpa.open-in-view is enabled by default. Therefore, database queries may be performed during view rendering. Explicitly configure spring.jpa.open-in-view to disable this warning
2024-12-18T17:12:07.274Z  INFO 11769 --- [bookmarks-api-backend] [           main] o.a.c.c.C.[Tomcat].[localhost].[/]       : Initializing Spring TestDispatcherServlet ''
2024-12-18T17:12:07.275Z  INFO 11769 --- [bookmarks-api-backend] [           main] o.s.t.web.servlet.TestDispatcherServlet  : Initializing Servlet ''
2024-12-18T17:12:07.278Z  INFO 11769 --- [bookmarks-api-backend] [           main] o.s.b.a.e.web.EndpointLinksResolver      : Exposing 1 endpoint beneath base path '/actuator'
2024-12-18T17:12:07.284Z  INFO 11769 --- [bookmarks-api-backend] [           main] o.s.t.web.servlet.TestDispatcherServlet  : Completed initialization in 9 ms
2024-12-18T17:12:07.373Z  INFO 11769 --- [bookmarks-api-backend] [           main] o.s.b.w.embedded.tomcat.TomcatWebServer  : Tomcat started on port 52907 (http) with context path '/'
2024-12-18T17:12:07.384Z  INFO 11769 --- [bookmarks-api-backend] [           main] c.m.b.controller.BookmarkControllerTest  : Started BookmarkControllerTest in 3.544 seconds (process running for 3.985)
Hibernate: delete from bookmarks b1_0
Hibernate: select nextval('bm_id_seq')
Hibernate: select nextval('bm_id_seq')
Hibernate: insert into bookmarks (created_at,title,url,id) values (?,?,?,?)
Hibernate: insert into bookmarks (created_at,title,url,id) values (?,?,?,?)
Hibernate: insert into bookmarks (created_at,title,url,id) values (?,?,?,?)
Hibernate: insert into bookmarks (created_at,title,url,id) values (?,?,?,?)
Hibernate: insert into bookmarks (created_at,title,url,id) values (?,?,?,?)
Hibernate: insert into bookmarks (created_at,title,url,id) values (?,?,?,?)
Hibernate: insert into bookmarks (created_at,title,url,id) values (?,?,?,?)
Hibernate: insert into bookmarks (created_at,title,url,id) values (?,?,?,?)
Hibernate: insert into bookmarks (created_at,title,url,id) values (?,?,?,?)
Hibernate: insert into bookmarks (created_at,title,url,id) values (?,?,?,?)
Hibernate: insert into bookmarks (created_at,title,url,id) values (?,?,?,?)
Hibernate: insert into bookmarks (created_at,title,url,id) values (?,?,?,?)
Hibernate: insert into bookmarks (created_at,title,url,id) values (?,?,?,?)
Hibernate: insert into bookmarks (created_at,title,url,id) values (?,?,?,?)
Hibernate: insert into bookmarks (created_at,title,url,id) values (?,?,?,?)
Hibernate: select b1_0.id,b1_0.created_at,b1_0.title,b1_0.url from bookmarks b1_0 order by b1_0.created_at desc offset ? rows fetch first ? rows only
Hibernate: select count(b1_0.id) from bookmarks b1_0
2024-12-18T17:12:07.857Z  WARN 11769 --- [bookmarks-api-backend] [           main] ration$PageModule$WarningLoggingModifier : Serializing PageImpl instances as-is is not supported, meaning that there is no guarantee about the stability of the resulting JSON structure!
	For a stable JSON structure, please use Spring Data's PagedModel (globally via @EnableSpringDataWebSupport(pageSerializationMode = VIA_DTO))
	or Spring HATEOAS and Spring Data's PagedResourcesAssembler as documented in https://docs.spring.io/spring-data/commons/reference/repositories/core-extensions.html#core.web.pageables.

]]></system-out>
    <system-err><![CDATA[Mockito is currently self-attaching to enable the inline-mock-maker. This will no longer work in future releases of the JDK. Please add Mockito as an agent to your build what is described in Mockito's documentation: https://javadoc.io/doc/org.mockito/mockito-core/latest/org/mockito/Mockito.html#0.3
WARNING: A Java agent has been loaded dynamically (/Users/mohan/.m2/repository/net/bytebuddy/byte-buddy-agent/1.15.10/byte-buddy-agent-1.15.10.jar)
WARNING: If a serviceability tool is in use, please run with -XX:+EnableDynamicAgentLoading to hide this warning
WARNING: If a serviceability tool is not in use, please run with -Djdk.instrument.traceUsage for more information
WARNING: Dynamic loading of agents will be disallowed by default in a future release
]]></system-err>
  </testcase>
  <testcase name="shouldGetStatusCode200ForGetAllBookmarksAndMatchesTotalElementsAndPages(int, int, int, boolean, boolean)[2]" classname="com.mohan.bookmarks_api_backend.controller.BookmarkControllerTest" time="0.02">
    <system-out><![CDATA[Hibernate: delete from bookmarks b1_0
Hibernate: insert into bookmarks (created_at,title,url,id) values (?,?,?,?)
Hibernate: insert into bookmarks (created_at,title,url,id) values (?,?,?,?)
Hibernate: insert into bookmarks (created_at,title,url,id) values (?,?,?,?)
Hibernate: insert into bookmarks (created_at,title,url,id) values (?,?,?,?)
Hibernate: insert into bookmarks (created_at,title,url,id) values (?,?,?,?)
Hibernate: insert into bookmarks (created_at,title,url,id) values (?,?,?,?)
Hibernate: insert into bookmarks (created_at,title,url,id) values (?,?,?,?)
Hibernate: insert into bookmarks (created_at,title,url,id) values (?,?,?,?)
Hibernate: insert into bookmarks (created_at,title,url,id) values (?,?,?,?)
Hibernate: insert into bookmarks (created_at,title,url,id) values (?,?,?,?)
Hibernate: insert into bookmarks (created_at,title,url,id) values (?,?,?,?)
Hibernate: insert into bookmarks (created_at,title,url,id) values (?,?,?,?)
Hibernate: insert into bookmarks (created_at,title,url,id) values (?,?,?,?)
Hibernate: insert into bookmarks (created_at,title,url,id) values (?,?,?,?)
Hibernate: insert into bookmarks (created_at,title,url,id) values (?,?,?,?)
Hibernate: select b1_0.id,b1_0.created_at,b1_0.title,b1_0.url from bookmarks b1_0 order by b1_0.created_at desc offset ? rows fetch first ? rows only
Hibernate: select count(b1_0.id) from bookmarks b1_0
]]></system-out>
  </testcase>
  <testcase name="shouldGetStatusCode200ForGetAllBookmarksAndMatchesTotalElementsAndPages(int, int, int, boolean, boolean)[3]" classname="com.mohan.bookmarks_api_backend.controller.BookmarkControllerTest" time="0.016">
    <system-out><![CDATA[Hibernate: delete from bookmarks b1_0
Hibernate: insert into bookmarks (created_at,title,url,id) values (?,?,?,?)
Hibernate: insert into bookmarks (created_at,title,url,id) values (?,?,?,?)
Hibernate: insert into bookmarks (created_at,title,url,id) values (?,?,?,?)
Hibernate: insert into bookmarks (created_at,title,url,id) values (?,?,?,?)
Hibernate: insert into bookmarks (created_at,title,url,id) values (?,?,?,?)
Hibernate: insert into bookmarks (created_at,title,url,id) values (?,?,?,?)
Hibernate: insert into bookmarks (created_at,title,url,id) values (?,?,?,?)
Hibernate: insert into bookmarks (created_at,title,url,id) values (?,?,?,?)
Hibernate: insert into bookmarks (created_at,title,url,id) values (?,?,?,?)
Hibernate: insert into bookmarks (created_at,title,url,id) values (?,?,?,?)
Hibernate: insert into bookmarks (created_at,title,url,id) values (?,?,?,?)
Hibernate: insert into bookmarks (created_at,title,url,id) values (?,?,?,?)
Hibernate: insert into bookmarks (created_at,title,url,id) values (?,?,?,?)
Hibernate: insert into bookmarks (created_at,title,url,id) values (?,?,?,?)
Hibernate: insert into bookmarks (created_at,title,url,id) values (?,?,?,?)
Hibernate: select b1_0.id,b1_0.created_at,b1_0.title,b1_0.url from bookmarks b1_0 order by b1_0.created_at desc offset ? rows fetch first ? rows only
Hibernate: select count(b1_0.id) from bookmarks b1_0
]]></system-out>
  </testcase>
</testsuite>