<?xml version="1.0" encoding="UTF-8"?>
<testsuite xmlns:xsi="http://www.w3.org/2001/XMLSchema-instance" xsi:noNamespaceSchemaLocation="https://maven.apache.org/surefire/maven-surefire-plugin/xsd/surefire-test-report.xsd" version="3.0.2" name="com.mohan.bookmarks_api_backend.BookmarksApiBackendApplicationTests" time="1.436" tests="1" errors="0" skipped="0" failures="0">
  <properties>
[...]
</properties>
  <testcase name="contextLoads" classname="com.mohan.bookmarks_api_backend.BookmarksApiBackendApplicationTests" time="0.004">
    <system-out><![CDATA[2024-12-18T19:38:14.322Z  INFO 15254 --- [bookmarks-api-backend] [           main] t.c.s.AnnotationConfigContextLoaderUtils : Could not detect default configuration classes for test class [com.mohan.bookmarks_api_backend.BookmarksApiBackendApplicationTests]: BookmarksApiBackendApplicationTests does not declare any static, non-private, non-final, nested classes annotated with @Configuration.
2024-12-18T19:38:14.326Z  INFO 15254 --- [bookmarks-api-backend] [           main] .b.t.c.SpringBootTestContextBootstrapper : Found @SpringBootConfiguration com.mohan.bookmarks_api_backend.BookmarksApiBackendApplication for test class com.mohan.bookmarks_api_backend.BookmarksApiBackendApplicationTests
2024-12-18T19:38:14.329Z  INFO 15254 --- [bookmarks-api-backend] [           main] o.s.b.d.r.RestartApplicationListener     : Restart disabled due to context in which it is running

  .   ____          _            __ _ _
 /\\ / ___'_ __ _ _(_)_ __  __ _ \ \ \ \
( ( )\___ | '_ | '_| | '_ \/ _` | \ \ \ \
 \\/  ___)| |_)| | | | | || (_| |  ) ) ) )
  '  |____| .__|_| |_|_| |_\__, | / / / /
 =========|_|==============|___/=/_/_/_/

 :: Spring Boot ::                (v3.4.0)

2024-12-18T19:38:14.339Z  INFO 15254 --- [bookmarks-api-backend] [           main] .m.b.BookmarksApiBackendApplicationTests : Starting BookmarksApiBackendApplicationTests using Java 23.0.1 with PID 15254 (started by mohan in /Users/mohan/Desktop/software_development/backend/bookmarks-fullstack/bookmarks-api-backend)
2024-12-18T19:38:14.339Z  INFO 15254 --- [bookmarks-api-backend] [           main] .m.b.BookmarksApiBackendApplicationTests : No active profile set, falling back to 1 default profile: "default"
2024-12-18T19:38:14.415Z  INFO 15254 --- [bookmarks-api-backend] [           main] .s.d.r.c.RepositoryConfigurationDelegate : Bootstrapping Spring Data JPA repositories in DEFAULT mode.
2024-12-18T19:38:14.418Z  INFO 15254 --- [bookmarks-api-backend] [           main] .s.d.r.c.RepositoryConfigurationDelegate : Finished Spring Data repository scanning in 2 ms. Found 1 JPA repository interface.
2024-12-18T19:38:14.446Z  INFO 15254 --- [bookmarks-api-backend] [           main] tc.postgres:latest                       : Creating container for image: postgres:latest
2024-12-18T19:38:14.526Z  INFO 15254 --- [bookmarks-api-backend] [           main] tc.postgres:latest                       : Container postgres:latest is starting: bba6db42393d339e495b5808481e3ca6bd524b96c1da0216f3e21100f9647e39
2024-12-18T19:38:15.411Z  INFO 15254 --- [bookmarks-api-backend] [           main] tc.postgres:latest                       : Container postgres:latest started in PT0.965394S
2024-12-18T19:38:15.412Z  INFO 15254 --- [bookmarks-api-backend] [           main] tc.postgres:latest                       : Container is started (JDBC URL: jdbc:postgresql://localhost:54439/test?loggerLevel=OFF)
2024-12-18T19:38:15.488Z  INFO 15254 --- [bookmarks-api-backend] [           main] org.flywaydb.core.FlywayExecutor         : Database: jdbc:postgresql://localhost:54439/test?loggerLevel=OFF (PostgreSQL 17.2)
2024-12-18T19:38:15.494Z  INFO 15254 --- [bookmarks-api-backend] [           main] o.f.c.i.s.JdbcTableSchemaHistory         : Schema history table "public"."flyway_schema_history" does not exist yet
2024-12-18T19:38:15.494Z  INFO 15254 --- [bookmarks-api-backend] [           main] o.f.core.internal.command.DbValidate     : Successfully validated 0 migrations (execution time 00:00.001s)
2024-12-18T19:38:15.494Z  WARN 15254 --- [bookmarks-api-backend] [           main] o.f.core.internal.command.DbValidate     : No migrations found. Are your locations set up correctly?
2024-12-18T19:38:15.498Z  INFO 15254 --- [bookmarks-api-backend] [           main] o.f.c.i.s.JdbcTableSchemaHistory         : Creating Schema History table "public"."flyway_schema_history" ...
2024-12-18T19:38:15.511Z  INFO 15254 --- [bookmarks-api-backend] [           main] o.f.core.internal.command.DbMigrate      : Current version of schema "public": << Empty Schema >>
2024-12-18T19:38:15.511Z  INFO 15254 --- [bookmarks-api-backend] [           main] o.f.core.internal.command.DbMigrate      : Schema "public" is up to date. No migration necessary.
2024-12-18T19:38:15.523Z  INFO 15254 --- [bookmarks-api-backend] [           main] o.hibernate.jpa.internal.util.LogHelper  : HHH000204: Processing PersistenceUnitInfo [name: default]
2024-12-18T19:38:15.524Z  INFO 15254 --- [bookmarks-api-backend] [           main] o.h.c.internal.RegionFactoryInitiator    : HHH000026: Second-level cache disabled
2024-12-18T19:38:15.528Z  INFO 15254 --- [bookmarks-api-backend] [           main] o.s.o.j.p.SpringPersistenceUnitInfo      : No LoadTimeWeaver setup: ignoring JPA class transformer
2024-12-18T19:38:15.529Z  INFO 15254 --- [bookmarks-api-backend] [           main] com.zaxxer.hikari.HikariDataSource       : HikariPool-2 - Starting...
2024-12-18T19:38:15.536Z  INFO 15254 --- [bookmarks-api-backend] [           main] com.zaxxer.hikari.pool.HikariPool        : HikariPool-2 - Added connection org.postgresql.jdbc.PgConnection@78288298
2024-12-18T19:38:15.536Z  INFO 15254 --- [bookmarks-api-backend] [           main] com.zaxxer.hikari.HikariDataSource       : HikariPool-2 - Start completed.
2024-12-18T19:38:15.539Z  INFO 15254 --- [bookmarks-api-backend] [           main] org.hibernate.orm.connections.pooling    : HHH10001005: Database info:
	Database JDBC URL [Connecting through datasource 'HikariDataSource (HikariPool-2)']
	Database driver: undefined/unknown
	Database version: 17.2
	Autocommit mode: undefined/unknown
	Isolation level: undefined/unknown
	Minimum pool size: undefined/unknown
	Maximum pool size: undefined/unknown
2024-12-18T19:38:15.557Z  INFO 15254 --- [bookmarks-api-backend] [           main] o.h.e.t.j.p.i.JtaPlatformInitiator       : HHH000489: No JTA platform available (set 'hibernate.transaction.jta.platform' to enable JTA platform integration)
Hibernate: create table bookmarks (id bigint not null, created_at timestamp(6) with time zone, title varchar(255) not null, url varchar(255) not null, primary key (id))
Hibernate: create sequence bm_id_seq start with 1 increment by 50
2024-12-18T19:38:15.563Z  INFO 15254 --- [bookmarks-api-backend] [           main] j.LocalContainerEntityManagerFactoryBean : Initialized JPA EntityManagerFactory for persistence unit 'default'
2024-12-18T19:38:15.640Z  WARN 15254 --- [bookmarks-api-backend] [           main] JpaBaseConfiguration$JpaWebConfiguration : spring.jpa.open-in-view is enabled by default. Therefore, database queries may be performed during view rendering. Explicitly configure spring.jpa.open-in-view to disable this warning
2024-12-18T19:38:15.741Z  INFO 15254 --- [bookmarks-api-backend] [           main] o.s.b.a.e.web.EndpointLinksResolver      : Exposing 1 endpoint beneath base path '/actuator'
2024-12-18T19:38:15.751Z  INFO 15254 --- [bookmarks-api-backend] [           main] .m.b.BookmarksApiBackendApplicationTests : Started BookmarksApiBackendApplicationTests in 1.423 seconds (process running for 6.314)
]]></system-out>
  </testcase>
</testsuite>